"blank"		"=========================="
"blank"		"#Valve_Movement_Title"
"blank"		"=========================="
"+forward"		"#Valve_Move_Forward"
"+back"			"#Valve_Move_Back"
"+moveleft"		"#Valve_Move_Left"
"+moveright"	"#Valve_Move_Right"
"+speed"       	"#Valve_Walk"
"+jump"			"#Valve_Jump"
"+duck"			"#Valve_Duck"
"blank"		"=========================="
"blank"		"#Cstrike_Combat_Title"
"blank"		"=========================="
"+attack"		"#Cstrike_Fire"
"+attack2"		"#Cstrike_Weapon_Special_Func"
"+reload"		"#Valve_Reload_Weapon"
"invprev"		"#Valve_Previous_Weapon"
"invnext"		"#Valve_Next_Weapon"
"lastinv"		"#Valve_Last_Weapon_Used"
"drop"	 		"#Cstrike_Drop_Weapon"
"blank"		"=========================="
"blank"		"QUICK SWITCH"
"blank"		"=========================="
"use weapon_flashbang"		"Flashbang"
"use weapon_smokegrenade"		"Smoke Grenade"
"use weapon_hegrenade"		"HE Grenade"
"use weapon_c4"		"Bomb"
"blank"		"=========================="
"blank"		"#Valve_Communication_Title"
"blank"		"=========================="
"+voicerecord"	"#Valve_Use_Voice_Communication"
"radio1"		"#Cstrike_Standard_Radio"
"radio2"		"#Cstrike_Group_Radio"
"radio3"		"#Cstrike_Report_Radio"
"messagemode"	"#Valve_Chat_Message"
"messagemode2"	"#Valve_Team_Message"
"blank"		"=========================="
"blank"		"#Cstrike_Menu_Title"
"blank"		"=========================="
"buymenu" 		"#Cstrike_Buy_Menu"
"buyequip"		"#Cstrike_Buy_Equip_Menu"
"autobuy"		"#Cstrike_Auto_Buy"
"rebuy"			"#Cstrike_ReBuy"
"chooseteam"	"#Cstrike_Select_Team"
"+showscores"	"#Valve_Display_Scores"
"showbriefing"	"#Cstrike_Mission_Briefing"
"slot10"		"#Cstrike_Menu_Item_0"
"slot1"			"#Cstrike_Menu_Item_1"
"slot2"			"#Cstrike_Menu_Item_2"
"slot3" 		"#Cstrike_Menu_Item_3"
"slot4"			"#Cstrike_Menu_Item_4"
"slot5"			"#Cstrike_Menu_Item_5"
"slot6"			"#Cstrike_Menu_Item_6"
"slot7"			"#Cstrike_Menu_Item_7"
"slot8"			"#Cstrike_Menu_Item_8"
"slot9"			"#Cstrike_Menu_Item_9"
"blank"		"=========================="
"blank"		"#Valve_Miscellaneous_Title"
"blank"		"=========================="
"+use"			"#Valve_Use_Items"
"impulse 100"	"#Valve_Flashlight"
"nightvision"	"#Cstrike_Nightvision"
"impulse 201"	"#Valve_Spray_Logo"
"jpeg"			"#Valve_Take_Screen_Shot"
"cheer"			"#Valve_Cheer"
"bug"			"#GameUI_ReportBug"
"quit"			"#Valve_Quit_Game"
"askconnect_accept"	"#Valve_Accept_Redirect"
"blank"		"=========================="
"blank"		"#Valve_Miscellaneous_Keyboard_Keys_Title"
"blank"		"=========================="
"+left"			"#Valve_Turn_Left"
"+right"		"#Valve_Turn_Right"
"+moveup"		"#Valve_Swim_Up"
"+movedown"		"#Valve_Swim_Down"
"+lookup"		"#Valve_Look_Up"
"+lookdown"		"#Valve_Look_Down"
"centerview"	"#Cstrike_Reset_View"
"+strafe"		"#Valve_Strafe_Modifier"
"+mlook"		"#Cstrike_Mouse_Look"
"+klook"		"#Cstrike_Keyboard_Look"
"blank"		"=========================="
"blank"		"Buy Bindings (Pistols)"
"blank"		"=========================="
"buy usp"							"USP"
"buy glock"							"Glock"
"buy deagle"						"Deagle"
"buy p228"							"P228"
"buy fn57; buy elites"						"Five-seven/Dual Berettas"
"blank"		"=========================="
"blank"		"Buy Bindings (Shotguns)"
"blank"		"=========================="
"buy m3"							"M3"
"buy xm1014"						"XM1014"
"blank"		"=========================="
"blank"		"Buy Bindings (SMGs)"
"blank"		"=========================="
"buy tmp; buy mac10"						"TMP/Mac10"
"buy mp5"							"MP5"
"buy p90"							"P90"
"buy ump45"							"UMP45"
"blank"		"=========================="
"blank"		"Buy Bindings (Rifles)"
"blank"		"=========================="
"buy famas"							"Famas"
"buy galil"							"Galil"
"buy galil; buy famas"				"Famas/Galil"
"buy m4a1"							"M4A1"
"buy ak47"							"AK47"
"buy ak47; buy m4a1"					"M4A1/AK47"
"buy aug"							"AUG"
"buy sg552"							"SG552"
"buy sg552; buy aug"				"AUG/SG552"
"buy scout"							"Scout"
"buy awp"							"AWP"
"buy sg550; buy g3sg1"				"SG550/G3SG1"
"blank"		"=========================="
"blank"		"Buy Bindings (Machine gun)"
"blank"		"=========================="
"buy m249"							"M249"
"blank"		"=========================="
"blank"		"Buy Bindings (Equipment)"
"blank"		"=========================="
"buy vest"							"Kevlar"
"buy vesthelm;buy vest"				"Kevlar&Helmet"
"buy flashbang"						"Flashbang"
"buy hegrenade"						"HE Grenade"
"buy smokegrenade"					"Smoke Grenade"
"buy defuser"						"Defuse Kit"
"buy nvgs"							"Night Vision"